<?xml version="1.0" encoding="UTF-8"?>
<!-- Generated by org.testng.reporters.JUnitXMLReporter -->
<testsuite hostname="vishal-pc" ignored="2" name="Default test" tests="1" failures="0" timestamp="16 May 2018 13:42:02 GMT" time="81.706" errors="0">
  <testcase name="testRun" time="77.433" classname="testNgDemo.TestScript4"/>
  <testcase name="testPratice" time="0.0" classname="testNgDemo.TestScript4">
    <ignored/>
  </testcase> <!-- testPratice -->
  <testcase name="runtest" time="0.0" classname="testNgDemo.TestScript4">
    <ignored/>
  </testcase> <!-- runtest -->
</testsuite> <!-- Default test -->
