<?xml version="1.0" encoding="UTF-8"?>
<!-- Generated by org.testng.reporters.JUnitXMLReporter -->
<testsuite hostname="vishal-pc" ignored="0" name="Default test" tests="3" failures="0" timestamp="19 Jun 2018 14:40:52 GMT" time="0.06" errors="0">
  <testcase name="testapp1" time="0.019" classname="testNgDemo.TestScript1"/>
  <testcase name="testapp2" time="0.003" classname="testNgDemo.TestScript1"/>
  <testcase name="testapp3" time="0.002" classname="testNgDemo.TestScript1"/>
</testsuite> <!-- Default test -->
