<?xml version="1.0" encoding="UTF-8"?>
<testng-results skipped="0" failed="0" ignored="0" total="3" passed="3">
  <reporter-output>
  </reporter-output>
  <suite name="Default suite" duration-ms="60" started-at="2018-06-19T14:40:52Z" finished-at="2018-06-19T14:40:52Z">
    <groups>
    </groups>
    <test name="Default test" duration-ms="60" started-at="2018-06-19T14:40:52Z" finished-at="2018-06-19T14:40:52Z">
      <class name="testNgDemo.TestScript1">
        <test-method status="PASS" signature="testapp1()[pri:0, instance:testNgDemo.TestScript1@7ce6a65d]" name="testapp1" duration-ms="19" started-at="2018-06-19T14:40:52Z" finished-at="2018-06-19T14:40:52Z">
          <reporter-output>
          </reporter-output>
        </test-method> <!-- testapp1 -->
        <test-method status="PASS" signature="testapp2()[pri:0, instance:testNgDemo.TestScript1@7ce6a65d]" name="testapp2" duration-ms="3" started-at="2018-06-19T14:40:52Z" finished-at="2018-06-19T14:40:52Z">
          <reporter-output>
          </reporter-output>
        </test-method> <!-- testapp2 -->
        <test-method status="PASS" signature="testapp3()[pri:0, instance:testNgDemo.TestScript1@7ce6a65d]" name="testapp3" duration-ms="2" started-at="2018-06-19T14:40:52Z" finished-at="2018-06-19T14:40:52Z">
          <reporter-output>
          </reporter-output>
        </test-method> <!-- testapp3 -->
      </class> <!-- testNgDemo.TestScript1 -->
    </test> <!-- Default test -->
  </suite> <!-- Default suite -->
</testng-results>
