<?xml version="1.0" encoding="UTF-8"?>
<testng-results skipped="0" failed="0" ignored="0" total="1" passed="1">
  <reporter-output>
  </reporter-output>
  <suite name="Default suite" duration-ms="16123" started-at="2018-05-15T17:21:20Z" finished-at="2018-05-15T17:21:36Z">
    <groups>
    </groups>
    <test name="Default test" duration-ms="16123" started-at="2018-05-15T17:21:20Z" finished-at="2018-05-15T17:21:36Z">
      <class name="testNgDemo.TestScript5_window">
        <test-method status="PASS" signature="runTest()[pri:0, instance:testNgDemo.TestScript5_window@42d8062c]" name="runTest" duration-ms="16086" started-at="2018-05-15T17:21:20Z" finished-at="2018-05-15T17:21:36Z">
          <reporter-output>
          </reporter-output>
        </test-method> <!-- runTest -->
      </class> <!-- testNgDemo.TestScript5_window -->
    </test> <!-- Default test -->
  </suite> <!-- Default suite -->
</testng-results>
