<?xml version="1.0" encoding="UTF-8"?>
<!-- Generated by org.testng.reporters.JUnitXMLReporter -->
<testsuite hostname="vishal-pc" ignored="0" name="Test2" tests="1" failures="1" timestamp="05 Jun 2018 16:00:55 GMT" time="0.432" errors="0">
  <testcase name="testRun" time="0.34" classname="testNgDemo.TestScript2">
    <failure type="java.lang.IllegalStateException" message="The driver executable does not exist: E:\Mars workspace\IEDriverServer_Win32_3.3.0\IEDriverServer.exe">
      <![CDATA[java.lang.IllegalStateException: The driver executable does not exist: E:\Mars workspace\IEDriverServer_Win32_3.3.0\IEDriverServer.exe
at com.google.common.base.Preconditions.checkState(Preconditions.java:534)
at org.openqa.selenium.remote.service.DriverService.checkExecutable(DriverService.java:136)
at org.openqa.selenium.remote.service.DriverService.findExecutable(DriverService.java:131)
at org.openqa.selenium.ie.InternetExplorerDriverService.access$000(InternetExplorerDriverService.java:32)
at org.openqa.selenium.ie.InternetExplorerDriverService$Builder.findDefaultExecutable(InternetExplorerDriverService.java:167)
at org.openqa.selenium.remote.service.DriverService$Builder.build(DriverService.java:329)
at org.openqa.selenium.ie.InternetExplorerDriver.setupService(InternetExplorerDriver.java:273)
at org.openqa.selenium.ie.InternetExplorerDriver.<init>(InternetExplorerDriver.java:195)
at org.openqa.selenium.ie.InternetExplorerDriver.<init>(InternetExplorerDriver.java:152)
at testNgDemo.TestScript2.testRun(TestScript2.java:36)
at java.util.concurrent.FutureTask.run(Unknown Source)
at java.util.concurrent.ThreadPoolExecutor.runWorker(Unknown Source)
at java.util.concurrent.ThreadPoolExecutor$Worker.run(Unknown Source)
at java.lang.Thread.run(Unknown Source)
... Removed 16 stack frames]]>
    </failure>
  </testcase> <!-- testRun -->
</testsuite> <!-- Test2 -->
